1564138730200	geckodriver	INFO	Listening on 127.0.0.1:55809
1564138732732	geckodriver::marionette	INFO	Starting browser /usr/bin/firefox with args ["-marionette"]
1564138740702	Marionette	INFO	Listening on port 46189
1564138741892	Marionette	WARN	TLS certificate errors will be ignored for this session
[Child 13990] ###!!! ABORT: Aborting on channel error.: file /build/firefox-esr-YKrXxr/firefox-esr-52.9.0esr/ipc/glue/MessageChannel.cpp, line 2152
[Child 13990] ###!!! ABORT: Aborting on channel error.: file /build/firefox-esr-YKrXxr/firefox-esr-52.9.0esr/ipc/glue/MessageChannel.cpp, line 2152
1564138854022	geckodriver	INFO	Listening on 127.0.0.1:40965
1564138856193	geckodriver::marionette	INFO	Starting browser /usr/bin/firefox with args ["-marionette"]
1564138862288	Marionette	INFO	Listening on port 38319
1564138862954	Marionette	WARN	TLS certificate errors will be ignored for this session
Xlib:  extension "XInputExtension" missing on display ":1.0".
Xlib:  extension "XInputExtension" missing on display ":1.0".
Xlib:  extension "XInputExtension" missing on display ":1.0".
Xlib:  extension "XInputExtension" missing on display ":1.0".
Xlib:  extension "XInputExtension" missing on display ":1.0".
Xlib:  extension "XInputExtension" missing on display ":1.0".
Xlib:  extension "XInputExtension" missing on display ":1.0".
Xlib:  extension "XInputExtension" missing on display ":1.0".
Xlib:  extension "XInputExtension" missing on display ":1.0".
Xlib:  extension "XInputExtension" missing on display ":1.0".
Xlib:  extension "XInputExtension" missing on display ":1.0".
Xlib:  extension "XInputExtension" missing on display ":1.0".
Xlib:  extension "XInputExtension" missing on display ":1.0".
Xlib:  extension "XInputExtension" missing on display ":1.0".
Xlib:  extension "XInputExtension" missing on display ":1.0".
Xlib:  extension "XInputExtension" missing on display ":1.0".
Xlib:  extension "XInputExtension" missing on display ":1.0".
Xlib:  extension "XInputExtension" missing on display ":1.0".
1564138958842	geckodriver	INFO	Listening on 127.0.0.1:58225
1564138960960	geckodriver::marionette	INFO	Starting browser /usr/bin/firefox with args ["-marionette"]
1564138966878	Marionette	INFO	Listening on port 35713
1564138967546	Marionette	WARN	TLS certificate errors will be ignored for this session
Xlib:  extension "XInputExtension" missing on display ":1.0".

###!!! [Parent][MessageChannel] Error: (msgtype=0x46001C,name=PContent::Msg_PreferenceUpdate) Channel error: cannot send/recv


###!!! [Parent][MessageChannel] Error: (msgtype=0x2C0083,name=PBrowser::Msg_Destroy) Channel error: cannot send/recv

1564139034808	Marionette	INFO	New connections will no longer be accepted
Xlib:  extension "XInputExtension" missing on display ":1.0".
Xlib:  extension "XInputExtension" missing on display ":1.0".
1564139168545	geckodriver	INFO	Listening on 127.0.0.1:58723
1564139171334	geckodriver::marionette	INFO	Starting browser /usr/bin/firefox with args ["-marionette"]
1564139181624	Marionette	INFO	Listening on port 45677
1564139182372	Marionette	WARN	TLS certificate errors will be ignored for this session
Xlib:  extension "XInputExtension" missing on display ":1.0".
Xlib:  extension "XInputExtension" missing on display ":1.0".
Xlib:  extension "XInputExtension" missing on display ":1.0".
Xlib:  extension "XInputExtension" missing on display ":1.0".

###!!! [Parent][MessageChannel] Error: (msgtype=0x2C0083,name=PBrowser::Msg_Destroy) Channel error: cannot send/recv

1564139333674	Marionette	INFO	New connections will no longer be accepted
1564139400315	geckodriver	INFO	Listening on 127.0.0.1:57013
1564139402571	geckodriver::marionette	INFO	Starting browser /usr/bin/firefox with args ["-marionette"]
1564139408506	Marionette	INFO	Listening on port 39945
1564139409150	Marionette	WARN	TLS certificate errors will be ignored for this session
Xlib:  extension "XInputExtension" missing on display ":1.0".
Xlib:  extension "XInputExtension" missing on display ":1.0".
Xlib:  extension "XInputExtension" missing on display ":1.0".
Xlib:  extension "XInputExtension" missing on display ":1.0".
Xlib:  extension "XInputExtension" missing on display ":1.0".
Xlib:  extension "XInputExtension" missing on display ":1.0".
1564139503342	geckodriver	INFO	Listening on 127.0.0.1:53509
1564139505409	geckodriver::marionette	INFO	Starting browser /usr/bin/firefox with args ["-marionette"]
1564139511836	Marionette	INFO	Listening on port 42583
1564139512512	Marionette	WARN	TLS certificate errors will be ignored for this session
Xlib:  extension "XInputExtension" missing on display ":1.0".
[Parent 14987] WARNING: pipe error: Broken pipe: file /build/firefox-esr-YKrXxr/firefox-esr-52.9.0esr/ipc/chromium/src/chrome/common/ipc_channel_posix.cc, line 685
[Parent 14987] WARNING: pipe error: Broken pipe: file /build/firefox-esr-YKrXxr/firefox-esr-52.9.0esr/ipc/chromium/src/chrome/common/ipc_channel_posix.cc, line 685
[Parent 14987] WARNING: pipe error: Broken pipe: file /build/firefox-esr-YKrXxr/firefox-esr-52.9.0esr/ipc/chromium/src/chrome/common/ipc_channel_posix.cc, line 685
[Parent 14987] WARNING: pipe error: Broken pipe: file /build/firefox-esr-YKrXxr/firefox-esr-52.9.0esr/ipc/chromium/src/chrome/common/ipc_channel_posix.cc, line 685
[Parent 14987] WARNING: pipe error: Broken pipe: file /build/firefox-esr-YKrXxr/firefox-esr-52.9.0esr/ipc/chromium/src/chrome/common/ipc_channel_posix.cc, line 685
[Parent 14987] WARNING: pipe error: Broken pipe: file /build/firefox-esr-YKrXxr/firefox-esr-52.9.0esr/ipc/chromium/src/chrome/common/ipc_channel_posix.cc, line 685
[Parent 14987] WARNING: pipe error: Broken pipe: file /build/firefox-esr-YKrXxr/firefox-esr-52.9.0esr/ipc/chromium/src/chrome/common/ipc_channel_posix.cc, line 685
[Parent 14987] WARNING: pipe error: Broken pipe: file /build/firefox-esr-YKrXxr/firefox-esr-52.9.0esr/ipc/chromium/src/chrome/common/ipc_channel_posix.cc, line 685
[Parent 14987] WARNING: pipe error: Broken pipe: file /build/firefox-esr-YKrXxr/firefox-esr-52.9.0esr/ipc/chromium/src/chrome/common/ipc_channel_posix.cc, line 685
[Parent 14987] WARNING: pipe error: Broken pipe: file /build/firefox-esr-YKrXxr/firefox-esr-52.9.0esr/ipc/chromium/src/chrome/common/ipc_channel_posix.cc, line 685
[Parent 14987] WARNING: pipe error: Broken pipe: file /build/firefox-esr-YKrXxr/firefox-esr-52.9.0esr/ipc/chromium/src/chrome/common/ipc_channel_posix.cc, line 685
[Parent 14987] WARNING: pipe error: Broken pipe: file /build/firefox-esr-YKrXxr/firefox-esr-52.9.0esr/ipc/chromium/src/chrome/common/ipc_channel_posix.cc, line 685
[Parent 14987] WARNING: pipe error: Broken pipe: file /build/firefox-esr-YKrXxr/firefox-esr-52.9.0esr/ipc/chromium/src/chrome/common/ipc_channel_posix.cc, line 685
[Parent 14987] WARNING: pipe error: Broken pipe: file /build/firefox-esr-YKrXxr/firefox-esr-52.9.0esr/ipc/chromium/src/chrome/common/ipc_channel_posix.cc, line 685
[Parent 14987] WARNING: pipe error: Broken pipe: file /build/firefox-esr-YKrXxr/firefox-esr-52.9.0esr/ipc/chromium/src/chrome/common/ipc_channel_posix.cc, line 685
[Parent 14987] WARNING: pipe error: Broken pipe: file /build/firefox-esr-YKrXxr/firefox-esr-52.9.0esr/ipc/chromium/src/chrome/common/ipc_channel_posix.cc, line 685
[Parent 14987] WARNING: pipe error: Broken pipe: file /build/firefox-esr-YKrXxr/firefox-esr-52.9.0esr/ipc/chromium/src/chrome/common/ipc_channel_posix.cc, line 685
[Parent 14987] WARNING: pipe error: Broken pipe: file /build/firefox-esr-YKrXxr/firefox-esr-52.9.0esr/ipc/chromium/src/chrome/common/ipc_channel_posix.cc, line 685
[Parent 14987] WARNING: pipe error: Broken pipe: file /build/firefox-esr-YKrXxr/firefox-esr-52.9.0esr/ipc/chromium/src/chrome/common/ipc_channel_posix.cc, line 685
[Parent 14987] WARNING: pipe error: Broken pipe: file /build/firefox-esr-YKrXxr/firefox-esr-52.9.0esr/ipc/chromium/src/chrome/common/ipc_channel_posix.cc, line 685
[Parent 14987] WARNING: pipe error: Broken pipe: file /build/firefox-esr-YKrXxr/firefox-esr-52.9.0esr/ipc/chromium/src/chrome/common/ipc_channel_posix.cc, line 685
[Parent 14987] WARNING: pipe error: Broken pipe: file /build/firefox-esr-YKrXxr/firefox-esr-52.9.0esr/ipc/chromium/src/chrome/common/ipc_channel_posix.cc, line 685
[Parent 14987] WARNING: pipe error: Broken pipe: file /build/firefox-esr-YKrXxr/firefox-esr-52.9.0esr/ipc/chromium/src/chrome/common/ipc_channel_posix.cc, line 685
[Parent 14987] WARNING: pipe error: Broken pipe: file /build/firefox-esr-YKrXxr/firefox-esr-52.9.0esr/ipc/chromium/src/chrome/common/ipc_channel_posix.cc, line 685
[Parent 14987] WARNING: pipe error: Broken pipe: file /build/firefox-esr-YKrXxr/firefox-esr-52.9.0esr/ipc/chromium/src/chrome/common/ipc_channel_posix.cc, line 685
[Parent 14987] WARNING: pipe error: Broken pipe: file /build/firefox-esr-YKrXxr/firefox-esr-52.9.0esr/ipc/chromium/src/chrome/common/ipc_channel_posix.cc, line 685
[Parent 14987] WARNING: pipe error: Broken pipe: file /build/firefox-esr-YKrXxr/firefox-esr-52.9.0esr/ipc/chromium/src/chrome/common/ipc_channel_posix.cc, line 685
[Parent 14987] WARNING: pipe error: Broken pipe: file /build/firefox-esr-YKrXxr/firefox-esr-52.9.0esr/ipc/chromium/src/chrome/common/ipc_channel_posix.cc, line 685
[Parent 14987] WARNING: pipe error: Broken pipe: file /build/firefox-esr-YKrXxr/firefox-esr-52.9.0esr/ipc/chromium/src/chrome/common/ipc_channel_posix.cc, line 685
[Parent 14987] WARNING: pipe error: Broken pipe: file /build/firefox-esr-YKrXxr/firefox-esr-52.9.0esr/ipc/chromium/src/chrome/common/ipc_channel_posix.cc, line 685
[Parent 14987] WARNING: pipe error: Broken pipe: file /build/firefox-esr-YKrXxr/firefox-esr-52.9.0esr/ipc/chromium/src/chrome/common/ipc_channel_posix.cc, line 685
[Parent 14987] WARNING: pipe error: Broken pipe: file /build/firefox-esr-YKrXxr/firefox-esr-52.9.0esr/ipc/chromium/src/chrome/common/ipc_channel_posix.cc, line 685
[Parent 14987] WARNING: pipe error: Broken pipe: file /build/firefox-esr-YKrXxr/firefox-esr-52.9.0esr/ipc/chromium/src/chrome/common/ipc_channel_posix.cc, line 685
[Parent 14987] WARNING: pipe error: Broken pipe: file /build/firefox-esr-YKrXxr/firefox-esr-52.9.0esr/ipc/chromium/src/chrome/common/ipc_channel_posix.cc, line 685
[Parent 14987] WARNING: pipe error: Broken pipe: file /build/firefox-esr-YKrXxr/firefox-esr-52.9.0esr/ipc/chromium/src/chrome/common/ipc_channel_posix.cc, line 685
[Parent 14987] WARNING: pipe error: Broken pipe: file /build/firefox-esr-YKrXxr/firefox-esr-52.9.0esr/ipc/chromium/src/chrome/common/ipc_channel_posix.cc, line 685
[Parent 14987] WARNING: pipe error: Broken pipe: file /build/firefox-esr-YKrXxr/firefox-esr-52.9.0esr/ipc/chromium/src/chrome/common/ipc_channel_posix.cc, line 685
[Parent 14987] WARNING: pipe error: Broken pipe: file /build/firefox-esr-YKrXxr/firefox-esr-52.9.0esr/ipc/chromium/src/chrome/common/ipc_channel_posix.cc, line 685
[Parent 14987] WARNING: pipe error: Broken pipe: file /build/firefox-esr-YKrXxr/firefox-esr-52.9.0esr/ipc/chromium/src/chrome/common/ipc_channel_posix.cc, line 685
[Parent 14987] WARNING: pipe error: Broken pipe: file /build/firefox-esr-YKrXxr/firefox-esr-52.9.0esr/ipc/chromium/src/chrome/common/ipc_channel_posix.cc, line 685
[Parent 14987] WARNING: pipe error: Broken pipe: file /build/firefox-esr-YKrXxr/firefox-esr-52.9.0esr/ipc/chromium/src/chrome/common/ipc_channel_posix.cc, line 685
[Parent 14987] WARNING: pipe error: Broken pipe: file /build/firefox-esr-YKrXxr/firefox-esr-52.9.0esr/ipc/chromium/src/chrome/common/ipc_channel_posix.cc, line 685
[Parent 14987] WARNING: pipe error: Broken pipe: file /build/firefox-esr-YKrXxr/firefox-esr-52.9.0esr/ipc/chromium/src/chrome/common/ipc_channel_posix.cc, line 685
[Parent 14987] WARNING: pipe error: Broken pipe: file /build/firefox-esr-YKrXxr/firefox-esr-52.9.0esr/ipc/chromium/src/chrome/common/ipc_channel_posix.cc, line 685
[Parent 14987] WARNING: pipe error: Broken pipe: file /build/firefox-esr-YKrXxr/firefox-esr-52.9.0esr/ipc/chromium/src/chrome/common/ipc_channel_posix.cc, line 685
[Parent 14987] WARNING: pipe error: Broken pipe: file /build/firefox-esr-YKrXxr/firefox-esr-52.9.0esr/ipc/chromium/src/chrome/common/ipc_channel_posix.cc, line 685
[Parent 14987] WARNING: pipe error: Broken pipe: file /build/firefox-esr-YKrXxr/firefox-esr-52.9.0esr/ipc/chromium/src/chrome/common/ipc_channel_posix.cc, line 685
[Parent 14987] WARNING: pipe error: Broken pipe: file /build/firefox-esr-YKrXxr/firefox-esr-52.9.0esr/ipc/chromium/src/chrome/common/ipc_channel_posix.cc, line 685
[Parent 14987] WARNING: pipe error: Broken pipe: file /build/firefox-esr-YKrXxr/firefox-esr-52.9.0esr/ipc/chromium/src/chrome/common/ipc_channel_posix.cc, line 685
[Parent 14987] WARNING: pipe error: Broken pipe: file /build/firefox-esr-YKrXxr/firefox-esr-52.9.0esr/ipc/chromium/src/chrome/common/ipc_channel_posix.cc, line 685
[Parent 14987] WARNING: pipe error: Broken pipe: file /build/firefox-esr-YKrXxr/firefox-esr-52.9.0esr/ipc/chromium/src/chrome/common/ipc_channel_posix.cc, line 685
[Parent 14987] WARNING: pipe error: Broken pipe: file /build/firefox-esr-YKrXxr/firefox-esr-52.9.0esr/ipc/chromium/src/chrome/common/ipc_channel_posix.cc, line 685
[Parent 14987] WARNING: pipe error: Broken pipe: file /build/firefox-esr-YKrXxr/firefox-esr-52.9.0esr/ipc/chromium/src/chrome/common/ipc_channel_posix.cc, line 685
[Parent 14987] WARNING: pipe error: Broken pipe: file /build/firefox-esr-YKrXxr/firefox-esr-52.9.0esr/ipc/chromium/src/chrome/common/ipc_channel_posix.cc, line 685
[Parent 14987] WARNING: pipe error: Broken pipe: file /build/firefox-esr-YKrXxr/firefox-esr-52.9.0esr/ipc/chromium/src/chrome/common/ipc_channel_posix.cc, line 685
[Parent 14987] WARNING: pipe error: Broken pipe: file /build/firefox-esr-YKrXxr/firefox-esr-52.9.0esr/ipc/chromium/src/chrome/common/ipc_channel_posix.cc, line 685
[Parent 14987] WARNING: pipe error: Broken pipe: file /build/firefox-esr-YKrXxr/firefox-esr-52.9.0esr/ipc/chromium/src/chrome/common/ipc_channel_posix.cc, line 685
[Parent 14987] WARNING: pipe error: Broken pipe: file /build/firefox-esr-YKrXxr/firefox-esr-52.9.0esr/ipc/chromium/src/chrome/common/ipc_channel_posix.cc, line 685
[Parent 14987] WARNING: pipe error: Broken pipe: file /build/firefox-esr-YKrXxr/firefox-esr-52.9.0esr/ipc/chromium/src/chrome/common/ipc_channel_posix.cc, line 685
[Parent 14987] WARNING: pipe error: Broken pipe: file /build/firefox-esr-YKrXxr/firefox-esr-52.9.0esr/ipc/chromium/src/chrome/common/ipc_channel_posix.cc, line 685
[Parent 14987] WARNING: pipe error: Broken pipe: file /build/firefox-esr-YKrXxr/firefox-esr-52.9.0esr/ipc/chromium/src/chrome/common/ipc_channel_posix.cc, line 685
[Parent 14987] WARNING: pipe error: Broken pipe: file /build/firefox-esr-YKrXxr/firefox-esr-52.9.0esr/ipc/chromium/src/chrome/common/ipc_channel_posix.cc, line 685
[Parent 14987] WARNING: pipe error: Broken pipe: file /build/firefox-esr-YKrXxr/firefox-esr-52.9.0esr/ipc/chromium/src/chrome/common/ipc_channel_posix.cc, line 685
[Parent 14987] WARNING: pipe error: Broken pipe: file /build/firefox-esr-YKrXxr/firefox-esr-52.9.0esr/ipc/chromium/src/chrome/common/ipc_channel_posix.cc, line 685
[Parent 14987] WARNING: pipe error: Broken pipe: file /build/firefox-esr-YKrXxr/firefox-esr-52.9.0esr/ipc/chromium/src/chrome/common/ipc_channel_posix.cc, line 685
[Parent 14987] WARNING: pipe error: Broken pipe: file /build/firefox-esr-YKrXxr/firefox-esr-52.9.0esr/ipc/chromium/src/chrome/common/ipc_channel_posix.cc, line 685
[Parent 14987] WARNING: pipe error: Broken pipe: file /build/firefox-esr-YKrXxr/firefox-esr-52.9.0esr/ipc/chromium/src/chrome/common/ipc_channel_posix.cc, line 685
[Parent 14987] WARNING: pipe error: Broken pipe: file /build/firefox-esr-YKrXxr/firefox-esr-52.9.0esr/ipc/chromium/src/chrome/common/ipc_channel_posix.cc, line 685
[Parent 14987] WARNING: pipe error: Broken pipe: file /build/firefox-esr-YKrXxr/firefox-esr-52.9.0esr/ipc/chromium/src/chrome/common/ipc_channel_posix.cc, line 685
[Parent 14987] WARNING: pipe error: Broken pipe: file /build/firefox-esr-YKrXxr/firefox-esr-52.9.0esr/ipc/chromium/src/chrome/common/ipc_channel_posix.cc, line 685
[Parent 14987] WARNING: pipe error: Broken pipe: file /build/firefox-esr-YKrXxr/firefox-esr-52.9.0esr/ipc/chromium/src/chrome/common/ipc_channel_posix.cc, line 685
[Parent 14987] WARNING: pipe error: Broken pipe: file /build/firefox-esr-YKrXxr/firefox-esr-52.9.0esr/ipc/chromium/src/chrome/common/ipc_channel_posix.cc, line 685
[Parent 14987] WARNING: pipe error: Broken pipe: file /build/firefox-esr-YKrXxr/firefox-esr-52.9.0esr/ipc/chromium/src/chrome/common/ipc_channel_posix.cc, line 685
[Parent 14987] WARNING: pipe error: Broken pipe: file /build/firefox-esr-YKrXxr/firefox-esr-52.9.0esr/ipc/chromium/src/chrome/common/ipc_channel_posix.cc, line 685
[Parent 14987] WARNING: pipe error: Broken pipe: file /build/firefox-esr-YKrXxr/firefox-esr-52.9.0esr/ipc/chromium/src/chrome/common/ipc_channel_posix.cc, line 685
[Parent 14987] WARNING: pipe error: Broken pipe: file /build/firefox-esr-YKrXxr/firefox-esr-52.9.0esr/ipc/chromium/src/chrome/common/ipc_channel_posix.cc, line 685
[Parent 14987] WARNING: pipe error: Broken pipe: file /build/firefox-esr-YKrXxr/firefox-esr-52.9.0esr/ipc/chromium/src/chrome/common/ipc_channel_posix.cc, line 685
[Parent 14987] WARNING: pipe error: Broken pipe: file /build/firefox-esr-YKrXxr/firefox-esr-52.9.0esr/ipc/chromium/src/chrome/common/ipc_channel_posix.cc, line 685
[Parent 14987] WARNING: pipe error: Broken pipe: file /build/firefox-esr-YKrXxr/firefox-esr-52.9.0esr/ipc/chromium/src/chrome/common/ipc_channel_posix.cc, line 685
[Parent 14987] WARNING: pipe error: Broken pipe: file /build/firefox-esr-YKrXxr/firefox-esr-52.9.0esr/ipc/chromium/src/chrome/common/ipc_channel_posix.cc, line 685
[Parent 14987] WARNING: pipe error: Broken pipe: file /build/firefox-esr-YKrXxr/firefox-esr-52.9.0esr/ipc/chromium/src/chrome/common/ipc_channel_posix.cc, line 685
[Parent 14987] WARNING: pipe error: Broken pipe: file /build/firefox-esr-YKrXxr/firefox-esr-52.9.0esr/ipc/chromium/src/chrome/common/ipc_channel_posix.cc, line 685
[Parent 14987] WARNING: pipe error: Broken pipe: file /build/firefox-esr-YKrXxr/firefox-esr-52.9.0esr/ipc/chromium/src/chrome/common/ipc_channel_posix.cc, line 685
[Parent 14987] WARNING: pipe error: Broken pipe: file /build/firefox-esr-YKrXxr/firefox-esr-52.9.0esr/ipc/chromium/src/chrome/common/ipc_channel_posix.cc, line 685
[Parent 14987] WARNING: pipe error: Broken pipe: file /build/firefox-esr-YKrXxr/firefox-esr-52.9.0esr/ipc/chromium/src/chrome/common/ipc_channel_posix.cc, line 685
[Parent 14987] WARNING: pipe error: Broken pipe: file /build/firefox-esr-YKrXxr/firefox-esr-52.9.0esr/ipc/chromium/src/chrome/common/ipc_channel_posix.cc, line 685
[Parent 14987] WARNING: pipe error: Broken pipe: file /build/firefox-esr-YKrXxr/firefox-esr-52.9.0esr/ipc/chromium/src/chrome/common/ipc_channel_posix.cc, line 685
[Parent 14987] WARNING: pipe error: Broken pipe: file /build/firefox-esr-YKrXxr/firefox-esr-52.9.0esr/ipc/chromium/src/chrome/common/ipc_channel_posix.cc, line 685
[Parent 14987] WARNING: pipe error: Broken pipe: file /build/firefox-esr-YKrXxr/firefox-esr-52.9.0esr/ipc/chromium/src/chrome/common/ipc_channel_posix.cc, line 685
[Parent 14987] WARNING: pipe error: Broken pipe: file /build/firefox-esr-YKrXxr/firefox-esr-52.9.0esr/ipc/chromium/src/chrome/common/ipc_channel_posix.cc, line 685
[Parent 14987] WARNING: pipe error: Broken pipe: file /build/firefox-esr-YKrXxr/firefox-esr-52.9.0esr/ipc/chromium/src/chrome/common/ipc_channel_posix.cc, line 685
[Parent 14987] WARNING: pipe error: Broken pipe: file /build/firefox-esr-YKrXxr/firefox-esr-52.9.0esr/ipc/chromium/src/chrome/common/ipc_channel_posix.cc, line 685
[Parent 14987] WARNING: pipe error: Broken pipe: file /build/firefox-esr-YKrXxr/firefox-esr-52.9.0esr/ipc/chromium/src/chrome/common/ipc_channel_posix.cc, line 685
[Parent 14987] WARNING: pipe error: Broken pipe: file /build/firefox-esr-YKrXxr/firefox-esr-52.9.0esr/ipc/chromium/src/chrome/common/ipc_channel_posix.cc, line 685
[Parent 14987] WARNING: pipe error: Broken pipe: file /build/firefox-esr-YKrXxr/firefox-esr-52.9.0esr/ipc/chromium/src/chrome/common/ipc_channel_posix.cc, line 685
[Parent 14987] WARNING: pipe error: Broken pipe: file /build/firefox-esr-YKrXxr/firefox-esr-52.9.0esr/ipc/chromium/src/chrome/common/ipc_channel_posix.cc, line 685
[Parent 14987] WARNING: pipe error: Broken pipe: file /build/firefox-esr-YKrXxr/firefox-esr-52.9.0esr/ipc/chromium/src/chrome/common/ipc_channel_posix.cc, line 685
[Parent 14987] WARNING: pipe error: Broken pipe: file /build/firefox-esr-YKrXxr/firefox-esr-52.9.0esr/ipc/chromium/src/chrome/common/ipc_channel_posix.cc, line 685
[Parent 14987] WARNING: pipe error: Broken pipe: file /build/firefox-esr-YKrXxr/firefox-esr-52.9.0esr/ipc/chromium/src/chrome/common/ipc_channel_posix.cc, line 685
[Parent 14987] WARNING: pipe error: Broken pipe: file /build/firefox-esr-YKrXxr/firefox-esr-52.9.0esr/ipc/chromium/src/chrome/common/ipc_channel_posix.cc, line 685
[Parent 14987] WARNING: pipe error: Broken pipe: file /build/firefox-esr-YKrXxr/firefox-esr-52.9.0esr/ipc/chromium/src/chrome/common/ipc_channel_posix.cc, line 685
[Parent 14987] WARNING: pipe error: Broken pipe: file /build/firefox-esr-YKrXxr/firefox-esr-52.9.0esr/ipc/chromium/src/chrome/common/ipc_channel_posix.cc, line 685
[Parent 14987] WARNING: pipe error: Broken pipe: file /build/firefox-esr-YKrXxr/firefox-esr-52.9.0esr/ipc/chromium/src/chrome/common/ipc_channel_posix.cc, line 685
[Parent 14987] WARNING: pipe error: Broken pipe: file /build/firefox-esr-YKrXxr/firefox-esr-52.9.0esr/ipc/chromium/src/chrome/common/ipc_channel_posix.cc, line 685
[Parent 14987] WARNING: pipe error: Broken pipe: file /build/firefox-esr-YKrXxr/firefox-esr-52.9.0esr/ipc/chromium/src/chrome/common/ipc_channel_posix.cc, line 685
[Parent 14987] WARNING: pipe error: Broken pipe: file /build/firefox-esr-YKrXxr/firefox-esr-52.9.0esr/ipc/chromium/src/chrome/common/ipc_channel_posix.cc, line 685
[Parent 14987] WARNING: pipe error: Broken pipe: file /build/firefox-esr-YKrXxr/firefox-esr-52.9.0esr/ipc/chromium/src/chrome/common/ipc_channel_posix.cc, line 685
[Parent 14987] WARNING: pipe error: Broken pipe: file /build/firefox-esr-YKrXxr/firefox-esr-52.9.0esr/ipc/chromium/src/chrome/common/ipc_channel_posix.cc, line 685
[Parent 14987] WARNING: pipe error: Broken pipe: file /build/firefox-esr-YKrXxr/firefox-esr-52.9.0esr/ipc/chromium/src/chrome/common/ipc_channel_posix.cc, line 685

###!!! [Parent][MessageChannel] Error: (msgtype=0x2C0083,name=PBrowser::Msg_Destroy) Channel error: cannot send/recv

1564139579750	Marionette	INFO	New connections will no longer be accepted
1564139620459	geckodriver	INFO	Listening on 127.0.0.1:48777
1564139622715	geckodriver::marionette	INFO	Starting browser /usr/bin/firefox with args ["-marionette"]
1564139628628	Marionette	INFO	Listening on port 34951
1564139629300	Marionette	WARN	TLS certificate errors will be ignored for this session
Xlib:  extension "XInputExtension" missing on display ":1.0".
1564142296625	geckodriver	INFO	Listening on 127.0.0.1:47871
1564142299336	geckodriver::marionette	INFO	Starting browser /usr/bin/firefox with args ["-marionette", "-headless"]
Error: GDK_BACKEND does not match available displays
1564142348020	geckodriver	INFO	Listening on 127.0.0.1:41413
1564142349650	geckodriver::marionette	INFO	Starting browser /usr/bin/firefox with args ["-marionette", "-headless"]
Error: GDK_BACKEND does not match available displays
1564142383533	geckodriver	INFO	Listening on 127.0.0.1:45173
1564142385153	geckodriver::marionette	INFO	Starting browser /usr/bin/firefox with args ["-marionette", "-headless"]
Error: GDK_BACKEND does not match available displays
1564166173193	geckodriver	INFO	Listening on 127.0.0.1:56425
1564166176004	geckodriver::marionette	INFO	Starting browser /usr/bin/firefox with args ["-marionette", "-headless"]
1564166182874	Marionette	INFO	Listening on port 41619
1564166183658	Marionette	WARN	TLS certificate errors will be ignored for this session
Xlib:  extension "XInputExtension" missing on display ":1.0".
Xlib:  extension "XInputExtension" missing on display ":1.0".
Xlib:  extension "XInputExtension" missing on display ":1.0".
Xlib:  extension "XInputExtension" missing on display ":1.0".
Xlib:  extension "XInputExtension" missing on display ":1.0".
1564166236158	Marionette	INFO	New connections will no longer be accepted
[Child 2186] ###!!! ABORT: Aborting on channel error.: file /build/firefox-esr-YKrXxr/firefox-esr-52.9.0esr/ipc/glue/MessageChannel.cpp, line 2152
[Child 2186] ###!!! ABORT: Aborting on channel error.: file /build/firefox-esr-YKrXxr/firefox-esr-52.9.0esr/ipc/glue/MessageChannel.cpp, line 2152
