14
1
15
1
16
1
17
1
18
1
19
1
20
1
192
1
203
1
206
1
227
1
229
1
241
1
249
1
250
1
251
1
252
1
253
1
254
1
255
1
259
1
260
1
262
1
264
1
275
1
278
1
279
1
280
1
281
1
282
1
283
1
284
1
287
1
289
1
294
1
295
1
362
1
363
1
364
1
365
1
378
1
379
1
380
1
381
1
401
1
402
1
403
1
404
1
405
1
406
1
407
1
408
1
409
1
410
1
411
1
413
1
414
1
415
1
477
1
478
1
487
1
489
1
490
1
491
1
494
1
496
1
499
1
502
1
503
1
504
1
509
1
512
1
519
1
520
1
521
1
526
1
531
1
532
1
533
1
538
1
544
1
545
1
547
1
549
1
551
1
552
1
555
1
559
1
560
1
561
1
562
1
691
1
694
1
760
1
761
1
808
1
809
1
810
1
811
1
812
1
813
1
962
1
963
1
964
1
965
1
972
1
976
1
980
1
981
1
994
1
998
1
999
1
1000
1
1001
1
1002
1
1003
1
1004
1
1005
1
1006
1
1007
1
1008
1
1009
1
1010
1
1011
1
1012
1
1084
1
1085
1
1168
1
1286
1
1292
1
1295
1
1300
1
1302
1
1304
1
1305
1
1306
1
1307
1
1308
1
1309
1
1310
1
1311
1
1312
1
1313
1
1314
1
1315
1
1316
1
1317
1
1318
1
1319
1
1411
1
1412
1
1413
1
1414
1
1415
1
1416
1
1417
1
1419
1
1434
1
1437
1
1442
1
1447
1
1448
1
1453
1
1454
1
1459
1
1472
1
1476
1
1482
1
1488
1
1491
1
1556
1
1557
1
2267
1
2268
1
2269
1
2270
1
2271
1
2272
1
2279
1
2280
1
2293
1
2294
1
2295
1
2296
1
2297
1
2298
1
2299
1
2300
1
2301
1
2302
1
2303
1
2304
1
2305
1
2306
1
2310
1
2313
1
2314
1
2315
1
2316
1
2322
1
2323
1
2324
1
2325
1
2329
1
2330
1
2331
1
2332
1
2333
1
2345
1
2348
1
2349
1
2350
1
2351
1
2352
1
2353
1
2354
1
2355
1
2356
1
2357
1
2358
1
2359
1
2360
1
2361
1
2362
1
2363
1
2364
1
2372
1
2373
1
2374
1
2378
1
2380
1
2381
1
2382
1
2411
1
2412
1
2413
1
2415
1
2417
1
2419
1
2430
1
2435
1
2436
1
2438
1
2439
1
2447
1
2448
1
2450
1
2455
1
2456
1
2457
1
2460
1
2462
1
2464
1
2465
1
2466
1
2467
1
2468
1
2469
1
2470
1
2476
1
2477
1
2478
1
2481
1
2488
1
2496
1
2497
1
2498
1
2500
1
2501
1
2604
1
2605
1
2606
1
2607
1
2608
1
2609
1
2628
1
2629
1
2630
1
2631
1
2632
1
2648
1
2655
1
2656
1
2657
1
2715
1
2719
1
2721
1
2724
1
2725
1
2733
1
2734
1
2743
1
2754
1
2760
1
2767
1
2815
1
2816
1
2817
1
2818
1
2819
1
2820
1
2821
1
2822
1
2823
1
2824
1
2825
1
2826
1
2827
1
2828
1
2829
1
2830
1
2831
1
2858
1
2864
1
2883
1
2885
1
2887
1
2889
1
2934
0
2997
1
3002
1
3037
1
3038
1
3139
1
3141
1
3143
1
3157
1
3163
1
3245
1
3251
1
3253
1
3256
1
3261
1
3264
1
3265
1
3269
1
3274
1
3278
1
3279
1
3280
1
3281
1
3282
1
3284
1
3286
1
3288
1
3294
1
3295
1
3296
1
3302
1
3303
1
3304
1
3305
1
3306
1
3310
1
3314
1
3322
1
3335
1
3339
1
3341
1
3342
1
3343
1
3344
1
3394
1
3460
1
3462
1
3467
1
3469
1
3470
1
3471
1
3472
1
3609
1
3616
1
3625
1
3628
1
3634
1
3650
1
3663
1
3684
1
3696
1
3701
1
3711
1
3720
1
3792
1
3802
1
3803
1
3804
1
3805
1
3807
1
3829
1
3830
1
3831
1
3834
1
3836
1
3839
1
3843
1
3844
1
3849
1
3851
1
3854
1
3855
1
3858
1
3863
1
3866
1
3868
1
3870
1
3873
1
3875
1
3877
1
3878
1
3881
1
3883
1
3888
1
3890
1
3895
1
3911
1
3917
1
3920
1
3937
1
3940
1
3952
1
3967
1
3976
1
3978
1
3980
1
3982
1
3984
1
3985
1
3986
1
3987
1
3988
1
3993
1
3997
1
4000
1
4003
1
4004
1
4005
1
4040
1
4051
1
4063
0
4064
0
4065
0
4066
0
4067
0
4068
0
4069
1
4070
1
4071
1
4072
1
4073
1
4074
1
4075
1
4076
1
4077
1
4078
1
4079
1
4080
1
4081
1
4082
1
4083
1
4084
1
4085
1
4086
1
4087
1
4088
1
4089
1
4090
1
4091
1
4092
1
4093
1
4094
1
4095
1
4096
1
4097
1
4098
1
4099
1
4100
1
4101
1
4102
1
4103
1
4104
0
4105
1
4106
1
4107
1
4108
1
4109
1
4110
1
4111
1
4112
1
4113
1
4114
1
4115
1
4116
1
4117
1
4118
1
4119
1
4120
1
4121
1
4122
1
4123
1
4124
1
4125
1
4126
1
4127
1
4128
1
4129
1
4130
1
4131
1
4132
1
4133
1
4134
1
4135
1
4138
1
4140
1
4141
1
4142
1
4143
1
4145
1
4146
1
4147
1
4148
1
4150
1
4151
1
4152
1
4153
1
4154
1
4156
1
4157
1
4158
1
4160
0
4161
1
4162
1
4164
1
4165
1
4167
1
4168
1
4169
1
4170
1
4172
1
4177
1
4178
1
4181
1
4182
1
4184
1
4187
1
4191
1
4193
1
4194
1
4195
1
4197
1
4198
1
4199
1
4201
1
4203
1
4204
1
4205
1
4209
1
4211
1
4213
1
4214
1
4215
1
4218
1
4219
1
4220
1
4224
1
4225
1
4226
1
4228
1
4229
1
4232
1
4233
1
4235
1
4240
1
4242
1
4243
1
4246
1
4248
1
4250
1
4252
1
4253
1
4255
1
4258
1
4259
1
4270
1
4271
1
4280
1
4284
1
4287
1
4294
1
4296
1
4297
1
4300
1
4302
1
4303
1
4305
1
4315
1
4320
1
4324
1
4328
1
4335
1
4344
1
4346
1
4348
1
4352
1
4353
1
4354
1
4355
1
4360
1
4369
1
4370
1
4385
0
4396
1
4407
1
4409
1
4411
1
4414
1
4416
1
4422
1
4432
1
4433
1
4438
1
4446
1
4458
1
4460
1
4481
1
4486
1
4487
1
4513
1
4515
1
4522
1
4555
1
4590
1
4641
1
4642
1
4668
1
4672
1
4675
1
4679
1
4745
1
4769
1
4871
1
4951
1
5006
1
14
1
15
1
16
1
17
1
18
1
19
1
20
1
192
1
203
1
206
1
227
1
229
1
241
1
249
1
250
1
251
1
252
1
253
1
254
1
255
1
259
1
260
1
261
1
263
1
275
1
278
1
279
1
280
1
281
1
282
1
283
1
284
1
287
1
289
1
294
1
295
1
362
1
363
0
364
1
365
1
366
1
402
1
403
1
404
1
405
1
406
1
407
1
408
1
409
1
410
1
411
1
412
1
414
1
415
1
416
1
478
1
479
1
488
1
490
1
491
1
492
1
495
1
497
1
500
1
503
1
504
1
505
1
510
1
513
1
520
1
521
1
522
1
527
1
532
1
533
1
534
1
539
1
545
1
546
1
548
1
550
1
552
1
553
1
556
1
560
1
561
1
562
1
563
1
692
1
695
1
761
1
762
1
809
1
810
1
811
1
812
1
813
1
814
1
963
1
964
1
965
1
966
1
973
1
977
1
981
1
982
1
995
1
999
1
1000
1
1001
1
1002
1
1003
1
1004
1
1005
1
1006
1
1007
1
1008
1
1009
1
1010
1
1011
1
1012
1
1013
1
1085
1
1086
1
1169
1
1287
1
1293
1
1296
1
1301
1
1303
1
1305
1
1306
1
1307
1
1308
1
1309
1
1310
1
1311
1
1312
1
1313
1
1314
1
1315
1
1316
1
1317
1
1318
1
1319
1
1320
1
1420
1
1435
1
1438
1
1443
1
1448
1
1449
1
1454
1
1455
1
1460
1
1472
1
1476
1
1483
1
1489
1
1492
1
1557
1
1558
1
2244
0
2269
1
2270
1
2271
1
2272
1
2273
1
2274
1
2281
1
2282
1
2295
1
2296
1
2297
1
2298
1
2299
1
2300
1
2301
1
2302
1
2303
1
2304
1
2305
1
2306
1
2307
1
2308
1
2312
1
2315
1
2316
1
2317
1
2318
1
2324
1
2325
1
2326
1
2327
1
2331
1
2332
1
2333
1
2334
1
2335
1
2347
1
2350
1
2351
1
2352
1
2353
1
2354
1
2355
1
2356
1
2357
1
2358
1
2359
1
2360
1
2361
1
2362
1
2363
1
2364
1
2365
1
2366
1
2374
1
2375
1
2376
1
2380
1
2382
1
2383
1
2384
1
2413
1
2414
1
2415
1
2417
1
2419
1
2422
1
2432
1
2437
1
2438
1
2439
1
2441
1
2449
1
2450
1
2452
1
2457
1
2458
1
2459
1
2462
1
2464
1
2466
1
2467
1
2468
1
2469
1
2470
1
2471
1
2472
1
2478
1
2479
1
2482
1
2483
1
2490
1
2498
1
2499
1
2500
1
2501
1
2503
1
2606
1
2607
1
2608
1
2609
1
2610
1
2611
1
2630
1
2631
1
2632
1
2633
1
2634
1
2650
1
2657
1
2658
1
2659
1
2717
1
2721
1
2723
1
2726
1
2727
1
2736
1
2745
1
2756
1
2762
1
2769
1
2860
1
2866
1
2885
1
2887
1
2889
1
2891
1
2936
1
2999
1
3004
1
3039
1
3040
1
3141
1
3143
1
3145
1
3159
1
3165
1
3247
1
3253
1
3258
1
3263
1
3266
1
3267
1
3280
1
3281
1
3282
1
3283
1
3284
1
3286
1
3288
1
3290
1
3296
1
3298
1
3304
1
3305
1
3306
1
3307
1
3308
1
3312
1
3316
1
3324
1
3337
1
3341
1
3343
1
3344
1
3345
1
3346
1
3396
1
3462
1
3464
1
3469
1
3471
1
3472
1
3473
1
3474
1
3611
1
3618
1
3627
1
3630
1
3636
1
3652
1
3665
1
3686
1
3698
1
3703
1
3713
1
3722
1
3794
1
3804
1
3805
1
3806
1
3807
1
3809
1
3831
1
3832
1
3833
1
3836
1
3838
1
3841
1
3845
1
3846
1
3851
1
3853
1
3856
1
3857
1
3860
1
3865
1
3868
1
3870
1
3872
1
3875
1
3877
1
3879
1
3880
1
3883
1
3885
1
3890
1
3892
1
3897
1
3913
1
3919
1
3922
1
3939
1
3942
1
3954
1
3969
1
3978
1
3980
1
3982
1
3984
1
3986
1
3987
1
3988
1
3989
1
3990
1
3995
1
3999
1
4002
1
4005
1
4006
1
4007
1
4042
1
4052
1
4053
1
4065
0
4066
0
4067
0
4068
0
4069
0
4070
0
4071
0
4072
0
4073
0
4074
0
4075
0
4076
0
4077
0
4078
0
4079
0
4080
0
4081
0
4082
0
4083
1
4084
1
4085
1
4086
1
4087
1
4088
1
4089
1
4090
1
4091
1
4092
1
4093
1
4094
1
4095
1
4096
1
4097
1
4098
1
4099
1
4100
1
4101
1
4102
1
4103
1
4104
1
4105
1
4106
1
4107
1
4108
1
4109
1
4110
1
4111
1
4112
1
4113
1
4114
1
4115
1
4116
1
4117
1
4118
1
4119
1
4120
1
4121
1
4122
1
4123
1
4124
0
4125
1
4126
1
4127
1
4128
1
4129
1
4130
1
4131
1
4132
1
4133
1
4134
1
4135
1
4136
1
4137
1
4139
1
4140
1
4141
1
4142
1
4143
1
4146
1
4147
1
4148
1
4149
1
4150
1
4152
1
4153
1
4155
1
4158
1
4162
1
4163
1
4168
1
4171
1
4172
1
4173
1
4174
1
4176
1
4177
1
4178
1
4180
0
4181
1
4182
1
4184
1
4187
1
4189
1
4198
1
4204
1
4207
1
4211
1
4213
1
4214
1
4217
1
4218
1
4223
1
4224
1
4225
1
4231
1
4233
1
4234
1
4235
1
4238
1
4244
1
4248
1
4252
1
4262
1
4268
1
4272
1
4279
1
4290
1
4300
1
4304
1
4316
1
4317
1
4320
1
4322
1
4323
1
4325
1
4344
1
4348
1
4355
1
4364
1
4372
1
4373
1
4374
1
4375
1
4389
1
4390
1
4405
0
4416
1
4427
1
4434
1
4436
1
4442
1
4452
1
4453
1
4458
1
4466
1
4478
1
4480
1
4501
1
4506
1
4507
1
4533
1
4535
1
4542
1
4575
1
4610
1
4661
1
4662
1
4688
1
4692
1
4695
1
4699
1
4765
1
4789
1
4891
1
4971
1
5026
1
Traceback (most recent call last):
  File "/home/pi/Desktop/TenderGrant.py", line 176, in <module>
    server.login(sender_email, password)
  File "/usr/lib/python3.5/smtplib.py", line 729, in login
    raise last_exception
  File "/usr/lib/python3.5/smtplib.py", line 720, in login
    initial_response_ok=initial_response_ok)
  File "/usr/lib/python3.5/smtplib.py", line 641, in auth
    raise SMTPAuthenticationError(code, resp)
smtplib.SMTPAuthenticationError: (534, b'5.7.14 <https://accounts.google.com/signin/continue?sarp=1&scc=1&plt=AKgnsbsj\n5.7.14 f1h2J0oA4f6-XVm-hPo_RTCUwoJz78JIXSPLybjfAvIc9llbUC4uDUAaDmar4adKeGpmUR\n5.7.14 eGS7g4VAQxxwuCSEd6TwJL24qWtAJW2qR06PfP2Sn6DzyaSmsTt4qG1-Q6PODK> Please\n5.7.14 log in via your web browser and then try again.\n5.7.14  Learn more at\n5.7.14  https://support.google.com/mail/answer/78754 x5sm14274492wrt.75 - gsmtp')
14
1
15
1
16
1
17
1
18
1
19
1
20
1
192
1
203
1
206
1
227
1
229
1
241
1
249
1
250
1
251
1
252
1
253
1
254
1
255
1
259
1
260
1
261
1
263
1
275
1
278
1
279
1
280
1
281
1
282
1
283
1
284
1
287
1
289
1
294
1
295
1
362
1
363
1
364
1
365
1
366
1
402
0
403
0
404
1
405
1
406
1
407
1
408
1
409
1
410
1
411
1
412
1
413
1
414
1
416
1
417
1
418
1
480
1
481
1
490
1
492
1
493
1
494
1
497
1
499
1
502
1
505
1
506
1
507
1
512
1
515
1
522
1
523
1
524
1
529
1
534
1
535
1
536
1
541
1
547
1
548
1
550
1
552
1
554
1
555
1
558
1
562
1
563
1
564
1
565
1
694
1
697
1
745
0
764
1
765
1
812
1
813
1
814
1
815
1
816
1
817
1
966
1
967
1
968
1
969
1
976
1
980
1
984
1
985
1
998
1
1002
1
1003
1
1004
1
1005
1
1006
1
1007
1
1008
1
1009
1
1010
1
1011
1
1012
1
1013
1
1014
1
1015
1
1016
1
1088
1
1089
1
1172
1
1290
1
1296
1
1299
1
1304
1
1306
1
1308
1
1309
1
1310
1
1311
1
1312
1
1313
1
1314
1
1315
1
1316
1
1317
1
1318
1
1319
1
1320
1
1321
1
1322
1
1323
1
1423
1
1438
1
1441
1
1446
1
1451
1
1452
1
1457
1
1458
1
1463
1
1475
1
1479
1
1486
1
1492
1
1495
1
1560
1
1561
1
2247
1
2272
1
2273
1
2274
1
2275
1
2276
1
2277
1
2284
1
2285
1
2298
1
2299
1
2300
1
2301
1
2302
1
2303
1
2304
1
2305
1
2306
1
2307
1
2308
1
2309
1
2310
1
2311
1
2315
1
2318
1
2319
1
2320
1
2321
1
2327
1
2328
1
2329
1
2330
1
2334
1
2335
1
2336
1
2337
1
2338
1
2350
1
2353
1
2354
1
2355
1
2356
1
2357
1
2358
1
2359
1
2360
1
2361
1
2362
1
2363
1
2364
1
2365
1
2366
1
2367
1
2368
1
2369
1
2377
1
2378
1
2379
1
2383
1
2385
1
2386
1
2387
1
2416
1
2417
1
2418
1
2420
1
2422
1
2425
1
2435
1
2440
1
2441
1
2442
1
2444
1
2452
1
2453
1
2455
1
2460
1
2461
1
2462
1
2465
1
2467
1
2469
1
2470
1
2471
1
2472
1
2473
1
2474
1
2475
1
2481
1
2482
1
2485
1
2486
1
2493
1
2501
1
2502
1
2503
1
2504
1
2506
1
2609
1
2610
1
2611
1
2612
1
2613
1
2614
1
2633
1
2634
1
2635
1
2636
1
2637
1
2653
1
2660
1
2661
1
2662
1
2720
1
2724
1
2726
1
2729
1
2730
1
2739
1
2748
1
2759
1
2765
1
2772
1
2863
1
2869
1
2888
1
2890
1
2892
1
2894
1
2939
1
3002
1
3007
1
3042
1
3043
1
3144
1
3146
1
3148
1
3162
1
3168
1
3250
1
3256
1
3261
1
3266
1
3269
1
3270
1
3283
1
3284
1
3285
1
3286
1
3287
1
3289
1
3291
1
3293
1
3299
1
3301
1
3307
1
3308
1
3309
1
3310
1
3311
1
3315
1
3319
1
3327
1
3340
1
3344
1
3346
1
3347
1
3348
1
3349
1
3399
1
3465
1
3467
1
3472
1
3474
1
3475
1
3476
1
3477
1
3614
1
3621
1
3630
1
3633
1
3639
1
3655
1
3668
1
3689
1
3701
1
3706
1
3716
1
3725
1
3797
1
3807
1
3808
1
3809
1
3810
1
3812
1
3834
1
3835
1
3836
1
3839
1
3841
1
3844
1
3848
1
3849
1
3854
1
3856
1
3859
1
3860
1
3863
1
3868
1
3871
1
3873
1
3875
1
3878
1
3880
1
3882
1
3883
1
3886
1
3888
1
3893
1
3895
1
3900
1
3916
1
3922
1
3925
1
3942
1
3945
1
3957
1
3972
1
3981
1
3983
1
3985
1
3987
1
3989
1
3990
1
3991
1
3992
1
3993
1
3998
1
4002
1
4005
1
4008
1
4009
1
4010
1
4045
1
4055
1
4056
1
4068
0
4069
0
4070
0
4071
0
4072
0
4073
0
4074
0
4075
0
4076
0
4077
0
4078
0
4079
0
4080
0
4081
0
4082
0
4083
0
4084
0
4085
0
4086
0
4087
1
4088
1
4089
1
4090
1
4091
1
4092
1
4093
1
4094
1
4095
1
4096
1
4097
1
4098
1
4099
1
4100
1
4101
1
4102
1
4103
1
4104
1
4105
1
4106
1
4107
1
4108
1
4109
1
4110
1
4111
1
4112
1
4113
1
4114
1
4115
1
4116
1
4117
1
4118
1
4119
1
4120
1
4121
1
4122
1
4123
1
4124
1
4125
1
4126
1
4127
1
4128
1
4129
1
4130
1
4131
1
4132
1
4133
1
4134
1
4135
1
4136
1
4137
1
4138
1
4139
1
4140
1
4141
1
4142
1
4143
1
4144
1
4145
1
4146
0
4147
1
4148
1
4149
1
4150
1
4151
1
4152
1
4154
1
4155
1
4156
1
4157
1
4159
1
4161
1
4162
1
4163
1
4164
1
4165
1
4169
1
4170
1
4172
1
4173
1
4175
1
4177
1
4180
1
4184
1
4185
1
4193
1
4196
1
4209
1
4226
1
4229
1
4233
1
4236
1
4239
1
4240
1
4247
1
4256
1
4257
1
4266
1
4274
1
4284
1
4290
1
4294
1
4301
1
4312
1
4322
1
4326
1
4338
1
4339
1
4342
1
4344
1
4345
1
4347
1
4366
1
4370
1
4377
1
4386
1
4394
1
4395
1
4396
1
4397
1
4412
1
4427
0
4449
1
4456
1
4458
1
4474
1
4488
1
4500
1
4519
0
4529
1
4530
1
4556
1
4558
1
4565
1
4598
1
4684
1
4685
1
4711
1
4715
1
4718
1
4722
1
4788
1
4812
1
4914
1
4994
1
5049
1
14
1
15
1
16
1
17
1
18
1
19
1
20
1
192
1
203
1
206
1
227
1
229
1
241
1
249
1
250
1
251
1
252
1
253
1
254
1
255
1
259
1
260
1
261
1
263
1
275
1
278
1
279
1
280
1
281
1
282
1
283
1
284
1
287
1
289
1
294
1
295
1
362
1
363
1
364
1
365
1
366
1
402
1
403
1
404
1
405
1
406
1
407
1
408
1
409
1
410
1
411
1
412
1
413
1
414
1
416
1
417
1
418
1
480
1
481
1
490
1
492
1
493
1
494
1
497
1
499
1
502
1
505
1
506
1
507
1
512
1
515
1
522
1
523
1
524
1
529
1
534
1
535
1
536
1
541
1
547
1
548
1
550
1
552
1
554
1
555
1
558
1
562
1
563
1
564
1
565
1
694
1
696
1
745
1
764
0
765
1
766
1
813
1
814
1
815
1
816
1
817
1
818
1
967
1
968
1
969
1
970
1
977
1
981
1
985
1
999
1
1003
1
1004
1
1005
1
1006
1
1007
1
1008
1
1009
1
1010
1
1011
1
1012
1
1013
1
1014
1
1015
1
1016
1
1017
1
1089
1
1090
1
1173
1
1291
1
1297
1
1300
1
1305
1
1307
1
1309
1
1310
1
1311
1
1312
1
1313
1
1314
1
1315
1
1316
1
1317
1
1318
1
1319
1
1320
1
1321
1
1322
1
1323
1
1324
1
1424
1
1439
1
1442
1
1447
1
1452
1
1453
1
1458
1
1459
1
1464
1
1477
1
1480
1
1487
1
1493
1
1496
1
1561
1
1562
0
1563
1
2249
1
2274
1
2275
1
2276
1
2277
1
2278
1
2279
1
2286
1
2287
1
2300
1
2301
1
2302
1
2303
1
2304
1
2305
1
2306
1
2307
1
2308
1
2309
1
2310
1
2311
1
2312
1
2313
1
2317
1
2320
1
2321
1
2322
1
2323
1
2329
1
2330
1
2331
1
2332
1
2336
1
2337
1
2338
1
2339
1
2340
1
2352
1
2355
1
2356
1
2357
1
2358
1
2359
1
2360
1
2361
1
2362
1
2363
1
2364
1
2365
1
2366
1
2367
1
2368
1
2369
1
2370
1
2373
1
2379
1
2380
1
2381
1
2384
1
2387
1
2388
1
2389
1
2418
1
2419
1
2420
1
2423
1
2424
1
2426
1
2437
1
2442
1
2443
1
2444
1
2446
1
2454
1
2455
1
2457
1
2462
1
2463
1
2464
1
2465
1
2469
1
2471
1
2472
1
2473
1
2474
1
2475
1
2476
1
2477
1
2483
1
2484
1
2485
1
2488
1
2495
1
2503
1
2504
1
2505
1
2506
1
2508
1
2611
1
2612
1
2613
1
2614
1
2615
1
2616
1
2635
1
2636
1
2637
1
2638
1
2639
1
2655
1
2662
1
2663
1
2664
1
2722
1
2726
1
2728
1
2731
1
2732
1
2741
1
2750
1
2761
1
2767
1
2774
1
2865
1
2871
1
2890
1
2892
1
2894
1
2896
1
2941
1
3044
1
3045
1
3146
1
3148
1
3150
1
3162
1
3170
1
3252
1
3258
1
3263
1
3268
1
3271
1
3272
1
3285
1
3286
1
3287
1
3288
1
3289
1
3291
1
3293
1
3295
1
3301
1
3303
1
3309
1
3310
1
3311
1
3312
1
3313
1
3315
1
3321
1
3329
1
3342
1
3346
1
3348
1
3349
1
3350
1
3351
1
3401
1
3467
1
3469
1
3474
1
3476
1
3477
1
3478
1
3479
1
3618
1
3623
1
3632
1
3636
1
3640
1
3657
1
3670
1
3691
1
3703
1
3708
1
3719
1
3727
1
3799
1
3809
1
3810
1
3811
1
3812
1
3814
1
3836
1
3837
1
3838
1
3841
1
3843
1
3846
1
3850
1
3851
1
3856
1
3858
1
3861
1
3862
1
3865
1
3870
1
3873
1
3875
1
3877
1
3880
1
3882
1
3884
1
3885
1
3888
1
3890
1
3895
1
3897
1
3902
1
3918
1
3924
1
3928
1
3945
1
3949
1
3960
1
3972
1
3983
1
3985
1
3987
1
3989
1
3991
1
3992
1
3993
1
3994
1
3995
1
4000
1
4004
1
4007
1
4010
1
4011
1
4012
1
4047
1
4057
1
4058
1
4070
0
4071
0
4072
0
4073
0
4074
0
4075
0
4076
0
4077
0
4078
0
4079
0
4080
0
4081
0
4082
0
4083
0
4084
0
4085
0
4086
0
4087
0
4088
0
4089
0
4090
1
4091
1
4092
1
4093
1
4094
1
4095
1
4096
1
4097
1
4098
1
4099
0
4100
1
4102
1
4103
1
4104
1
4105
1
4106
1
4107
0
4108
1
4109
1
4110
1
4111
1
4112
1
4113
1
4114
1
4115
1
4116
1
4117
1
4118
1
4119
1
4120
1
4121
1
4122
1
4123
1
4124
1
4125
1
4126
1
4127
1
4128
1
4129
1
4130
1
4131
1
4132
1
4133
1
4134
1
4135
1
4136
1
4137
1
4138
1
4139
1
4140
1
4141
1
4142
1
4143
1
4144
1
4145
1
4146
1
4147
1
4148
1
4149
1
4150
1
4151
1
4153
1
4154
1
4155
1
4156
1
4157
1
4159
1
4161
1
4162
1
4164
1
4167
1
4168
0
4169
1
4171
1
4173
1
4176
1
4177
1
4178
1
4179
1
4181
1
4184
1
4186
1
4187
1
4191
1
4195
1
4197
1
4199
1
4206
1
4207
1
4215
1
4248
1
4251
1
4255
1
4258
1
4261
1
4262
1
4269
1
4279
1
4288
1
4306
1
4312
1
4323
1
4334
1
4344
1
4348
1
4360
1
4361
1
4364
1
4366
1
4367
1
4369
1
4388
1
4392
1
4399
1
4408
1
4416
1
4417
1
4418
1
4434
1
4449
0
4480
1
4496
1
4510
1
4541
1
4551
1
4552
1
4578
1
4580
1
4587
1
4620
1
4706
1
4707
1
4733
1
4737
1
4740
1
4744
1
4810
1
4834
1
4936
1
5016
1
14
1
15
1
16
1
17
1
18
1
19
1
20
1
192
1
203
1
206
1
227
1
229
1
241
1
249
1
250
1
251
1
252
1
253
1
254
1
255
1
259
1
260
1
261
1
263
1
275
1
278
1
279
1
280
1
281
1
282
1
283
1
284
1
287
1
289
1
294
1
295
1
362
1
363
1
364
1
365
1
366
1
402
1
403
1
404
1
405
1
406
1
407
1
408
1
409
1
410
1
411
1
412
1
413
1
414
1
416
1
417
1
418
1
480
1
481
1
490
1
492
1
493
1
494
1
497
1
499
1
502
1
505
1
506
1
507
1
512
1
515
1
522
1
523
1
524
1
529
1
534
1
535
1
536
1
541
1
547
1
548
1
550
1
552
1
554
1
555
1
558
1
562
1
563
1
564
1
565
1
694
1
697
1
745
0
746
1
765
1
767
1
814
1
815
1
816
1
817
1
818
1
819
1
968
1
969
1
970
1
971
1
978
1
982
1
986
1
1000
1
1004
1
1005
1
1006
1
1007
1
1008
1
1009
1
1010
1
1011
1
1012
1
1013
1
1014
1
1015
1
1016
1
1017
1
1018
1
1090
1
1091
1
1174
1
1292
1
1298
1
1301
1
1306
1
1308
1
1310
1
1311
1
1312
1
1313
1
1314
1
1315
1
1316
1
1317
1
1318
1
1319
1
1320
1
1321
1
1322
1
1323
1
1324
1
1325
1
1425
1
1440
1
1443
1
1448
1
1453
1
1454
1
1459
1
1460
1
1465
1
1478
1
1481
1
1488
1
1494
1
1497
1
1562
1
1563
1
1564
1
2250
1
2275
1
2276
1
2277
1
2278
1
2279
1
2280
1
2287
1
2288
1
2301
1
2302
1
2303
1
2304
1
2305
1
2306
1
2307
1
2308
1
2309
1
2310
1
2311
1
2312
1
2313
1
2314
1
2318
1
2321
1
2322
1
2323
1
2324
1
2330
1
2331
1
2332
1
2333
1
2337
1
2338
1
2339
1
2340
1
2341
1
2353
1
2356
1
2357
1
2358
1
2359
1
2360
1
2361
1
2362
1
2363
1
2364
1
2365
1
2366
1
2367
1
2368
1
2369
1
2370
1
2371
1
2374
1
2380
1
2381
1
2382
1
2385
1
2388
1
2389
1
2390
1
2419
1
2420
1
2421
1
2424
1
2425
1
2427
1
2438
1
2443
1
2444
1
2445
1
2447
1
2455
1
2456
1
2458
1
2463
1
2464
1
2465
1
2466
1
2470
1
2472
1
2473
1
2474
1
2475
1
2476
1
2477
1
2478
1
2484
1
2485
1
2486
1
2489
1
2496
1
2504
1
2505
1
2506
1
2507
1
2509
1
2612
1
2613
1
2614
1
2615
1
2616
1
2617
1
2636
1
2637
1
2638
1
2639
1
2640
1
2656
1
2663
1
2664
1
2665
1
2723
1
2727
1
2729
1
2732
1
2733
1
2742
1
2751
1
2762
1
2768
1
2775
1
2866
1
2872
1
2891
1
2893
1
2895
1
2897
1
2942
1
3045
1
3046
1
3147
1
3149
1
3151
1
3163
1
3171
1
3253
1
3259
1
3264
1
3269
1
3272
1
3273
1
3286
1
3287
1
3288
1
3289
1
3290
1
3292
1
3294
1
3296
1
3302
1
3304
1
3310
1
3311
1
3312
1
3313
1
3314
1
3316
1
3322
1
3330
1
3343
1
3347
1
3349
1
3350
1
3351
1
3352
1
3402
1
3468
1
3470
1
3475
1
3477
1
3478
1
3479
1
3480
1
3619
1
3624
1
3633
1
3637
1
3641
1
3658
1
3671
1
3692
1
3704
1
3709
1
3720
1
3728
1
3800
1
3810
1
3811
1
3812
1
3813
1
3815
1
3837
1
3838
1
3839
1
3842
1
3844
1
3847
1
3851
1
3852
1
3857
1
3859
1
3862
1
3863
1
3866
1
3871
1
3874
1
3876
1
3878
1
3881
1
3883
1
3885
1
3886
1
3889
1
3891
1
3896
1
3898
1
3903
1
3919
1
3925
1
3929
1
3946
1
3950
1
3961
1
3973
1
3984
1
3986
1
3988
1
3990
1
3992
1
3993
1
3994
1
3995
1
3996
1
4001
1
4005
1
4008
1
4011
1
4012
1
4013
1
4048
1
4058
1
4059
1
4071
0
4072
0
4073
0
4074
0
4075
0
4076
0
4077
0
4078
0
4079
0
4080
0
4081
1
4082
0
4083
0
4084
0
4085
0
4086
0
4087
0
4088
0
4089
0
4090
0
4091
0
4092
0
4093
0
4094
1
4095
1
4096
1
4097
1
4098
1
4099
1
4100
1
4101
1
4102
1
4103
1
4104
1
4105
1
4106
1
4107
1
4108
1
4109
1
4110
1
4111
1
4112
1
4113
1
4114
1
4115
1
4116
1
4117
1
4118
1
4119
1
4120
1
4121
1
4122
1
4123
0
4124
1
4126
1
4127
1
4128
1
4129
1
4130
1
4131
0
4132
1
4133
1
4134
1
4135
1
4136
1
4137
1
4138
1
4139
1
4140
1
4141
1
4142
1
4143
1
4144
1
4145
1
4146
1
4147
1
4148
1
4149
1
4150
1
4151
1
4152
1
4153
1
4154
1
4155
1
4157
1
4158
1
4159
1
4160
1
4161
1
4162
1
4163
1
4164
1
4165
1
4166
1
4167
1
4168
1
4169
1
4170
1
4171
1
4173
1
4174
1
4178
1
4179
1
4181
1
4183
1
4185
1
4186
1
4191
1
4192
0
4197
1
4200
1
4201
1
4203
1
4205
1
4211
1
4215
1
4230
1
4231
1
4239
1
4272
1
4275
1
4279
1
4282
1
4285
1
4286
1
4293
1
4312
1
4330
1
4336
1
4347
1
4358
1
4368
1
4372
1
4385
1
4388
1
4390
1
4391
1
4393
1
4412
1
4416
1
4423
1
4440
1
4441
1
4458
1
4473
0
4504
1
4520
1
4534
1
4565
1
4575
1
4576
1
4602
1
4604
1
4611
1
4644
1
4730
1
4731
1
4757
1
4761
1
4764
1
4768
1
4834
1
4858
1
4960
1
5040
1
